  board.cpp
C:\Users\shayn\source\repos\Minesweeper\Minesweeper\board.h(2,10): warning C4067: unexpected tokens following preprocessor directive - expected a newline
C:\Users\shayn\source\repos\Minesweeper\Minesweeper\board.h(26,7): error C2530: 'Board::window': references must be initialized
C:\Users\shayn\source\repos\Minesweeper\Minesweeper\board.cpp(9,20): warning C4018: '<': signed/unsigned mismatch
C:\Users\shayn\source\repos\Minesweeper\Minesweeper\board.cpp(46,32): warning C4018: '<=': signed/unsigned mismatch
C:\Users\shayn\source\repos\Minesweeper\Minesweeper\board.cpp(69,50): warning C4244: 'argument': conversion from 'int' to 'float', possible loss of data
C:\Users\shayn\source\repos\Minesweeper\Minesweeper\board.cpp(69,42): warning C4244: 'argument': conversion from 'int' to 'float', possible loss of data
C:\Users\shayn\source\repos\Minesweeper\Minesweeper\board.cpp(70,55): warning C4244: 'argument': conversion from 'int' to 'float', possible loss of data
C:\Users\shayn\source\repos\Minesweeper\Minesweeper\board.cpp(70,47): warning C4244: 'argument': conversion from 'int' to 'float', possible loss of data
C:\Users\shayn\source\repos\Minesweeper\Minesweeper\board.cpp(71,54): warning C4244: 'argument': conversion from 'int' to 'float', possible loss of data
C:\Users\shayn\source\repos\Minesweeper\Minesweeper\board.cpp(71,46): warning C4244: 'argument': conversion from 'int' to 'float', possible loss of data
C:\Users\shayn\source\repos\Minesweeper\Minesweeper\board.cpp(95,32): warning C4018: '<=': signed/unsigned mismatch
C:\Users\shayn\source\repos\Minesweeper\Minesweeper\board.cpp(118,50): warning C4244: 'argument': conversion from 'int' to 'float', possible loss of data
C:\Users\shayn\source\repos\Minesweeper\Minesweeper\board.cpp(118,42): warning C4244: 'argument': conversion from 'int' to 'float', possible loss of data
C:\Users\shayn\source\repos\Minesweeper\Minesweeper\board.cpp(119,55): warning C4244: 'argument': conversion from 'int' to 'float', possible loss of data
C:\Users\shayn\source\repos\Minesweeper\Minesweeper\board.cpp(119,47): warning C4244: 'argument': conversion from 'int' to 'float', possible loss of data
C:\Users\shayn\source\repos\Minesweeper\Minesweeper\board.cpp(120,54): warning C4244: 'argument': conversion from 'int' to 'float', possible loss of data
C:\Users\shayn\source\repos\Minesweeper\Minesweeper\board.cpp(120,46): warning C4244: 'argument': conversion from 'int' to 'float', possible loss of data
C:\Users\shayn\source\repos\Minesweeper\Minesweeper\board.cpp(143,32): warning C4018: '<=': signed/unsigned mismatch
C:\Users\shayn\source\repos\Minesweeper\Minesweeper\board.cpp(167,50): warning C4244: 'argument': conversion from 'int' to 'float', possible loss of data
C:\Users\shayn\source\repos\Minesweeper\Minesweeper\board.cpp(167,42): warning C4244: 'argument': conversion from 'int' to 'float', possible loss of data
C:\Users\shayn\source\repos\Minesweeper\Minesweeper\board.cpp(168,55): warning C4244: 'argument': conversion from 'int' to 'float', possible loss of data
C:\Users\shayn\source\repos\Minesweeper\Minesweeper\board.cpp(168,47): warning C4244: 'argument': conversion from 'int' to 'float', possible loss of data
C:\Users\shayn\source\repos\Minesweeper\Minesweeper\board.cpp(169,54): warning C4244: 'argument': conversion from 'int' to 'float', possible loss of data
C:\Users\shayn\source\repos\Minesweeper\Minesweeper\board.cpp(169,46): warning C4244: 'argument': conversion from 'int' to 'float', possible loss of data
C:\Users\shayn\source\repos\Minesweeper\Minesweeper\board.cpp(178,50): warning C4244: 'argument': conversion from 'int' to 'float', possible loss of data
C:\Users\shayn\source\repos\Minesweeper\Minesweeper\board.cpp(178,42): warning C4244: 'argument': conversion from 'int' to 'float', possible loss of data
C:\Users\shayn\source\repos\Minesweeper\Minesweeper\board.cpp(179,55): warning C4244: 'argument': conversion from 'int' to 'float', possible loss of data
C:\Users\shayn\source\repos\Minesweeper\Minesweeper\board.cpp(179,47): warning C4244: 'argument': conversion from 'int' to 'float', possible loss of data
C:\Users\shayn\source\repos\Minesweeper\Minesweeper\board.cpp(180,54): warning C4244: 'argument': conversion from 'int' to 'float', possible loss of data
C:\Users\shayn\source\repos\Minesweeper\Minesweeper\board.cpp(180,46): warning C4244: 'argument': conversion from 'int' to 'float', possible loss of data
C:\Users\shayn\source\repos\Minesweeper\Minesweeper\board.cpp(208,51): warning C4244: 'argument': conversion from 'T' to 'float', possible loss of data
          with
          [
              T=unsigned int
          ]
C:\Users\shayn\source\repos\Minesweeper\Minesweeper\board.cpp(212,52): warning C4244: 'argument': conversion from 'T' to 'float', possible loss of data
          with
          [
              T=unsigned int
          ]
C:\Users\shayn\source\repos\Minesweeper\Minesweeper\board.cpp(216,52): warning C4244: 'argument': conversion from 'T' to 'float', possible loss of data
          with
          [
              T=unsigned int
          ]
C:\Users\shayn\source\repos\Minesweeper\Minesweeper\board.cpp(220,52): warning C4244: 'argument': conversion from 'T' to 'float', possible loss of data
          with
          [
              T=unsigned int
          ]
C:\Users\shayn\source\repos\Minesweeper\Minesweeper\board.cpp(226,132): warning C4244: 'argument': conversion from 'T' to 'float', possible loss of data
          with
          [
              T=unsigned int
          ]
C:\Users\shayn\source\repos\Minesweeper\Minesweeper\board.cpp(226,60): warning C4244: 'argument': conversion from 'T' to 'float', possible loss of data
          with
          [
              T=unsigned int
          ]
C:\Users\shayn\source\repos\Minesweeper\Minesweeper\board.cpp(230,81): warning C4244: 'argument': conversion from 'T' to 'float', possible loss of data
          with
          [
              T=unsigned int
          ]
C:\Users\shayn\source\repos\Minesweeper\Minesweeper\board.cpp(230,55): warning C4244: 'argument': conversion from 'T' to 'float', possible loss of data
          with
          [
              T=unsigned int
          ]
C:\Users\shayn\source\repos\Minesweeper\Minesweeper\board.cpp(235,75): warning C4244: 'argument': conversion from 'T' to 'float', possible loss of data
          with
          [
              T=unsigned int
          ]
C:\Users\shayn\source\repos\Minesweeper\Minesweeper\board.cpp(235,49): warning C4244: 'argument': conversion from 'T' to 'float', possible loss of data
          with
          [
              T=unsigned int
          ]
C:\Users\shayn\source\repos\Minesweeper\Minesweeper\board.cpp(239,75): warning C4244: 'argument': conversion from 'T' to 'float', possible loss of data
          with
          [
              T=unsigned int
          ]
C:\Users\shayn\source\repos\Minesweeper\Minesweeper\board.cpp(239,49): warning C4244: 'argument': conversion from 'T' to 'float', possible loss of data
          with
          [
              T=unsigned int
          ]
C:\Users\shayn\source\repos\Minesweeper\Minesweeper\board.cpp(243,74): warning C4244: 'argument': conversion from 'T' to 'float', possible loss of data
          with
          [
              T=unsigned int
          ]
C:\Users\shayn\source\repos\Minesweeper\Minesweeper\board.cpp(243,49): warning C4244: 'argument': conversion from 'T' to 'float', possible loss of data
          with
          [
              T=unsigned int
          ]
C:\Users\shayn\source\repos\Minesweeper\Minesweeper\board.cpp(247,23): warning C4018: '<': signed/unsigned mismatch
C:\Users\shayn\source\repos\Minesweeper\Minesweeper\board.cpp(253,27): warning C4018: '<': signed/unsigned mismatch
C:\Users\shayn\source\repos\Minesweeper\Minesweeper\board.cpp(293,32): warning C4018: '<': signed/unsigned mismatch
C:\Users\shayn\source\repos\Minesweeper\Minesweeper\board.cpp(339,23): warning C4018: '<': signed/unsigned mismatch
  main.cpp
C:\Users\shayn\source\repos\Minesweeper\Minesweeper\board.h(2,10): warning C4067: unexpected tokens following preprocessor directive - expected a newline
C:\Users\shayn\source\repos\Minesweeper\Minesweeper\board.h(26,7): error C2530: 'Board::window': references must be initialized
C:\Users\shayn\source\repos\Minesweeper\Minesweeper\main.cpp(76,23): warning C4018: '<': signed/unsigned mismatch
C:\Users\shayn\source\repos\Minesweeper\Minesweeper\main.cpp(164,27): warning C4018: '<': signed/unsigned mismatch
C:\Users\shayn\source\repos\Minesweeper\Minesweeper\main.cpp(187,27): warning C4018: '<': signed/unsigned mismatch
C:\Users\shayn\source\repos\Minesweeper\Minesweeper\main.cpp(212,31): warning C4018: '<': signed/unsigned mismatch
C:\Users\shayn\source\repos\Minesweeper\Minesweeper\main.cpp(227,31): warning C4018: '<': signed/unsigned mismatch
  Generating Code...
